<?xml version="1.0" encoding="UTF-8"?>
<testng-results ignored="0" total="1" passed="1" failed="0" skipped="0">
  <reporter-output>
  </reporter-output>
  <suite started-at="2021-04-15T18:01:17 PET" name="Suite" finished-at="2021-04-15T18:01:31 PET" duration-ms="14296">
    <groups>
    </groups>
    <test started-at="2021-04-15T18:01:17 PET" name="Test" finished-at="2021-04-15T18:01:31 PET" duration-ms="14296">
      <class name="com.portal.tests.TestN1">
        <test-method is-config="true" signature="startReport()[pri:0, instance:com.portal.tests.TestN1@5fd4f8f5]" started-at="2021-04-15T18:01:17 PET" name="startReport" finished-at="2021-04-15T18:01:17 PET" duration-ms="390" status="PASS">
          <reporter-output>
          </reporter-output>
        </test-method> <!-- startReport -->
        <test-method is-config="true" signature="setupBrowser(java.lang.String, java.lang.reflect.Method)[pri:0, instance:com.portal.tests.TestN1@5fd4f8f5]" started-at="2021-04-15T18:01:17 PET" name="setupBrowser" finished-at="2021-04-15T18:01:28 PET" duration-ms="10696" status="PASS">
          <params>
            <param index="0">
              <value>
                <![CDATA[chrome]]>
              </value>
            </param>
            <param index="1">
              <value>
                <![CDATA[public void com.portal.tests.TestN1.goToLoginSection()]]>
              </value>
            </param>
          </params>
          <reporter-output>
          </reporter-output>
        </test-method> <!-- setupBrowser -->
        <test-method signature="goToLoginSection()[pri:0, instance:com.portal.tests.TestN1@5fd4f8f5]" started-at="2021-04-15T18:01:28 PET" name="goToLoginSection" finished-at="2021-04-15T18:01:30 PET" duration-ms="1997" status="PASS">
          <reporter-output>
          </reporter-output>
        </test-method> <!-- goToLoginSection -->
        <test-method is-config="true" signature="getResult(org.testng.ITestResult)[pri:0, instance:com.portal.tests.TestN1@5fd4f8f5]" started-at="2021-04-15T18:01:30 PET" name="getResult" finished-at="2021-04-15T18:01:31 PET" duration-ms="825" status="PASS">
          <params>
            <param index="0">
              <value>
                <![CDATA[[TestResult name=goToLoginSection status=SUCCESS method=TestN1.goToLoginSection()[pri:0, instance:com.portal.tests.TestN1@5fd4f8f5] output={null}]]]>
              </value>
            </param>
          </params>
          <reporter-output>
          </reporter-output>
        </test-method> <!-- getResult -->
        <test-method is-config="true" signature="makeReport()[pri:0, instance:com.portal.tests.TestN1@5fd4f8f5]" started-at="2021-04-15T18:01:31 PET" name="makeReport" finished-at="2021-04-15T18:01:31 PET" duration-ms="357" status="PASS">
          <reporter-output>
          </reporter-output>
        </test-method> <!-- makeReport -->
      </class> <!-- com.portal.tests.TestN1 -->
    </test> <!-- Test -->
  </suite> <!-- Suite -->
</testng-results>
